<?xml version="1.0" encoding="UTF-8"?>
<!-- Generated by org.testng.reporters.JUnitReportReporter -->
<testsuite hostname="QZ-LT-R-CTK-211" failures="0" tests="2" name="runner.TestRunnerOne$TestRunner" time="48.094" errors="0" timestamp="2025-07-30T16:45:18 IST" skipped="0">
  <testcase classname="runner.TestRunnerOne$TestRunner" name="runScenario" time="20.433"/>
  <testcase classname="runner.TestRunnerOne$TestRunner" name="runScenario" time="27.661"/>
</testsuite> <!-- runner.TestRunnerOne$TestRunner -->
